[12/13/2022 17:24:08]:           __             _       
[12/13/2022 17:24:08]:   _ __   / /  ___   __ _(_)_ __  
[12/13/2022 17:24:08]:  | '_ \ / /  / _ \ / _` | | '_ \ 
[12/13/2022 17:24:08]:  | | | / /__| (_) | (_| | | | | |
[12/13/2022 17:24:08]:  |_| |_\____/\___/ \__, |_|_| |_|
[12/13/2022 17:24:08]:                   |___/            
[12/13/2022 17:24:08]:  By: www.nickuc.com - V 10.1.8 DEVELOPMENT
[12/13/2022 17:24:08]: 
[12/13/2022 17:24:08]: §3[nLogin] [DEBUG] Detecting hardware and software configurations...
[12/13/2022 17:24:09]: §3[nLogin] [DEBUG] All settings were loaded in 298 ms.
[12/13/2022 17:24:09]: §3[nLogin] [DEBUG] Loading the messages_ru.yml message file...
[12/13/2022 17:24:09]: §3[nLogin] [DEBUG] All plugin messages were loaded in 102 ms (languageByClient=false).
[12/13/2022 17:24:09]: §3[nLogin] [DEBUG] All proxy settings were loaded in 1 ms.
[12/13/2022 17:24:09]: §3[nLogin] [DEBUG] Starting logger filter...
[12/13/2022 17:24:09]: §3[nLogin] [DEBUG] Loading database...
[12/13/2022 17:24:11]: [nLogin] nLogin was loaded in 2616ms.
[12/13/2022 17:26:08]: §3[nLogin] [DEBUG] [SQLite] [UPDATE]: "INSERT INTO `nlogin` (`name`, `realname`, `uniqueId`, `premiumId`, `premium`, `password`, `address`, `regdate`, `lastlogin`, `email`, `twitter`, `discord`, `settings`) VALUES ('mrvitya1', 'MrVitya1', 4bf58ef0f8e031ed800c6ba402a9a783, null, -1, null, '127.0.0.1', '1970-01-01 00:00:00.0', '1970-01-01 00:00:00.0', null, null, null, null)"
[12/13/2022 17:32:37]: §3[nLogin] [DEBUG] [SQLite] [UPDATE]: "UPDATE `nlogin` SET `realname` = 'qShip', `uniqueId` = 5210a989af313423b0fa5a492620269e,  `premiumId` = null,  `premium` = -1,  `password` = '$SHA512$aae4253cd8b8e2529453eb979d9b0f928b6fd2b459b5cd85eb60578f81e9cfdf693c938b8a18febe0316d12b60ed7acebc3c23996b048f37634187ff6f558a0e$ivrFCXsopAeAjUUMRBYcYblT', `address` = '77.40.61.39', `regdate` = 2022-11-12 16:00:11.834, `lastlogin` = 2022-12-13 17:32:37.248, `email` = null, `twitter` = null, `discord` = null, `settings` = '{"settings":[{"value":"mQz90Oim1d9J3rPUt/dxLco+kxiQgr/Qxn1sFftBtA3/JhAh3rZTxmqk2gKoLaMbinkxGp4f3RJkqcY4zPWCaiWZZpeV5Isu91HGSYsDXFnYR37OOgjRuZ865L9PREFFR4qhPvOqNXYT38dakCXmwNtaIhjWZC8r3uFS1QsxzlOJSAXlKFMnppO1DXNhA3hDRLh8rXktsBPXjHMpG1QZPOBTT1N7AdIVTZqJV317opnnKJKYlsxJqDAx4j02Ny+cANzcoj/PtSgdFARqc6diDfkOK+3Q6VGQSBNnpyKnI2X7Xl3OIhZ3uoiJMzXoXHFYgOE/ATzL8IrLoEj9XpYWgerDusYG/zhAmD5ftiJrOW6ofEddw78LLCNDWs5L9oJnGfLPujtnhszuC+LH1DJ8+ANW8yJKJ4FvBmQ1n1WbW5evN7UQE2cNy+FpZLUEcwf9DMnnTUSZMIb87kpotZ+Sk1qicEvc6byNox6louuu5AFiH2IuJhNcer6c+SVUFL/5rUaedIA4cAeZL4XDjjza8rETZApbkGqCQL9qlNZHT73EaPeJ3o3LbGyfEGe045HeIZX1Dq0LI1IQgTGaQx9sBos9rBfDYDdlK397+hbB/CeItiXQklT286wrKIUOH8Mc6eeW0IZvwCT85rFxKzg0fGdYG1DOtKr/xMk8ZhZcTOE=:ILOTdRFkyqsAsrPAUEdec5Ke45LwOvxgTQOPzIL43JmT/ecSe1W1V/V9w6hbkd4WqTM=","key":"encrypted"}],"version":0}' WHERE `id` = 1"
[12/13/2022 17:32:37]: [nLogin] The user qShip has successfully logged in.
[12/13/2022 17:42:57]: §3[nLogin] [DEBUG] [SQLite] [UPDATE]: "INSERT INTO `nlogin` (`name`, `realname`, `uniqueId`, `premiumId`, `premium`, `password`, `address`, `regdate`, `lastlogin`, `email`, `twitter`, `discord`, `settings`) VALUES ('yaroslav2004', 'Yaroslav2004', 0bcfead8f7e23296999f71df60d093ed, null, -1, null, '127.0.0.1', '1970-01-01 00:00:00.0', '1970-01-01 00:00:00.0', null, null, null, null)"
[12/13/2022 17:43:15]: §3[nLogin] [DEBUG] [SQLite] [UPDATE]: "UPDATE `nlogin` SET `realname` = 'Yaroslav2004', `uniqueId` = 0bcfead8f7e23296999f71df60d093ed,  `premiumId` = null,  `premium` = -1,  `password` = '$SHA512$380ead4eef3c5899b19c46f76c6c1b8c56019b88f11dbf4044a1258e4ffd6cbc5dd5b0d1df2434ac0d6cca57db651218bfd8ff41a59b74dfe32d68ac7c521f42$EkXvhgraTJUReBDqXrTVPRYf', `address` = '176.193.113.162', `regdate` = 2022-12-13 17:43:14.999, `lastlogin` = 2022-12-13 17:43:14.999, `email` = null, `twitter` = null, `discord` = null, `settings` = '{"settings":[{"value":"q/Zq/TCNia7XqvEI3c8tJnWP4qh5pMXKyI4RpjJ/UYAszl0gk8F895ByrzlHS0OXooaV7ZCGnVoE8xpo3O+WpwWd9YbxIiOHW/xsnLzO2AnBLsNZ+Ql8Zj1UNQ2LZMgDRhEty5JUb8u01UZvAQ+mdydgConJN+556n2LXonaQnK+WgCo/l48unwG6pppyuDXnmERSVcXRqXfhWqxwY8zI0rfwc+yGZ4eZVM8inzFMtP0FjSya0P/PSCjZ4ymzOROxYlPne0YTvBaPfZL9XSjIO9366SpTujWM0lNLZ4JE0HlsUv8C1Tf2nFLcjKHUDq7LEdtUK4ZzlhroIIIiD1uZuQtxY1QwD+BoTHn94Ua0NOeP0jGRno9Ke/OOj+YgXc873SzR3+mR1npTc/AY+Sv6ZCcdnPkbTyXO5c07dWEt08eRWF0ANLK3XlfGB3T3l0nyVfa2pQ0yiH1i7I0MiG2Ty2yA86Niczh+O5ybOIf1y/q95BL/s1gotDfe8IJiKCygMZggSgiI2zJtifiJuCuy0TInAN6/MNSj6YUgqEtsGecixjWWOa+irnKEtubFevuqdC5iC9XSHXR4KTp9VdY8DOBuPNewy3OsddY7j2A2gziiErp8v8XNNwuUVADtFVljFUWlZw9XXtLANheJvX3IMbYr1ceL+zAwRCP3Aj7zCA=:6zieL9vPzo9pV3J8Us7QeUFMYCYVvaMc4Kl18iaBNVDr1W4/qcQ+psm7Lvu/FIKPnAbqojDmug==","key":"encrypted"}],"version":0}' WHERE `id` = 119"
[12/13/2022 17:43:15]: [nLogin] The user Yaroslav2004 has successfully registered.
[12/13/2022 17:43:44]: §3[nLogin] [DEBUG] [SQLite] [UPDATE]: "UPDATE `nlogin` SET `realname` = 'Yaroslav2004', `uniqueId` = 0bcfead8f7e23296999f71df60d093ed,  `premiumId` = null,  `premium` = -1,  `password` = '$SHA512$380ead4eef3c5899b19c46f76c6c1b8c56019b88f11dbf4044a1258e4ffd6cbc5dd5b0d1df2434ac0d6cca57db651218bfd8ff41a59b74dfe32d68ac7c521f42$EkXvhgraTJUReBDqXrTVPRYf', `address` = '176.193.113.162', `regdate` = 2022-12-13 17:43:14.999, `lastlogin` = 2022-12-13 17:43:44.96, `email` = null, `twitter` = null, `discord` = null, `settings` = '{"settings":[{"value":"q/Zq/TCNia7XqvEI3c8tJnWP4qh5pMXKyI4RpjJ/UYAszl0gk8F895ByrzlHS0OXooaV7ZCGnVoE8xpo3O+WpwWd9YbxIiOHW/xsnLzO2AnBLsNZ+Ql8Zj1UNQ2LZMgDRhEty5JUb8u01UZvAQ+mdydgConJN+556n2LXonaQnK+WgCo/l48unwG6pppyuDXnmERSVcXRqXfhWqxwY8zI0rfwc+yGZ4eZVM8inzFMtP0FjSya0P/PSCjZ4ymzOROxYlPne0YTvBaPfZL9XSjIO9366SpTujWM0lNLZ4JE0HlsUv8C1Tf2nFLcjKHUDq7LEdtUK4ZzlhroIIIiD1uZuQtxY1QwD+BoTHn94Ua0NOeP0jGRno9Ke/OOj+YgXc873SzR3+mR1npTc/AY+Sv6ZCcdnPkbTyXO5c07dWEt08eRWF0ANLK3XlfGB3T3l0nyVfa2pQ0yiH1i7I0MiG2Ty2yA86Niczh+O5ybOIf1y/q95BL/s1gotDfe8IJiKCygMZggSgiI2zJtifiJuCuy0TInAN6/MNSj6YUgqEtsGecixjWWOa+irnKEtubFevuqdC5iC9XSHXR4KTp9VdY8DOBuPNewy3OsddY7j2A2gziiErp8v8XNNwuUVADtFVljFUWlZw9XXtLANheJvX3IMbYr1ceL+zAwRCP3Aj7zCA=:6zieL9vPzo9pV3J8Us7QeUFMYCYVvaMc4Kl18iaBNVDr1W4/qcQ+psm7Lvu/FIKPnAbqojDmug==","key":"encrypted"}],"version":0}' WHERE `id` = 119"
[12/13/2022 17:43:44]: [nLogin] The user Yaroslav2004 has successfully logged in.
[12/13/2022 17:45:48]: §3[nLogin] [DEBUG] [SQLite] [UPDATE]: "UPDATE `nlogin` SET `realname` = 'qShip', `uniqueId` = 5210a989af313423b0fa5a492620269e,  `premiumId` = null,  `premium` = -1,  `password` = '$SHA512$aae4253cd8b8e2529453eb979d9b0f928b6fd2b459b5cd85eb60578f81e9cfdf693c938b8a18febe0316d12b60ed7acebc3c23996b048f37634187ff6f558a0e$ivrFCXsopAeAjUUMRBYcYblT', `address` = '77.40.61.39', `regdate` = 2022-11-12 16:00:11.834, `lastlogin` = 2022-12-13 17:45:48.06, `email` = null, `twitter` = null, `discord` = null, `settings` = '{"settings":[{"value":"mQz90Oim1d9J3rPUt/dxLco+kxiQgr/Qxn1sFftBtA3/JhAh3rZTxmqk2gKoLaMbinkxGp4f3RJkqcY4zPWCaiWZZpeV5Isu91HGSYsDXFnYR37OOgjRuZ865L9PREFFR4qhPvOqNXYT38dakCXmwNtaIhjWZC8r3uFS1QsxzlOJSAXlKFMnppO1DXNhA3hDRLh8rXktsBPXjHMpG1QZPOBTT1N7AdIVTZqJV317opnnKJKYlsxJqDAx4j02Ny+cANzcoj/PtSgdFARqc6diDfkOK+3Q6VGQSBNnpyKnI2X7Xl3OIhZ3uoiJMzXoXHFYgOE/ATzL8IrLoEj9XpYWgerDusYG/zhAmD5ftiJrOW6ofEddw78LLCNDWs5L9oJnGfLPujtnhszuC+LH1DJ8+ANW8yJKJ4FvBmQ1n1WbW5evN7UQE2cNy+FpZLUEcwf9DMnnTUSZMIb87kpotZ+Sk1qicEvc6byNox6louuu5AFiH2IuJhNcer6c+SVUFL/5rUaedIA4cAeZL4XDjjza8rETZApbkGqCQL9qlNZHT73EaPeJ3o3LbGyfEGe045HeIZX1Dq0LI1IQgTGaQx9sBos9rBfDYDdlK397+hbB/CeItiXQklT286wrKIUOH8Mc6eeW0IZvwCT85rFxKzg0fGdYG1DOtKr/xMk8ZhZcTOE=:ILOTdRFkyqsAsrPAUEdec5Ke45LwOvxgTQOPzIL43JmT/ecSe1W1V/V9w6hbkd4WqTM=","key":"encrypted"}],"version":0}' WHERE `id` = 1"
[12/13/2022 17:45:48]: [nLogin] The user qShip has successfully logged in.
[12/13/2022 18:19:54]: [nLogin] Could not install: update was not confirmed by the user.
[12/13/2022 18:19:54]: [nLogin] Successful plugin core shutdown (took 0.00s)
[12/13/2022 18:19:54]: [nLogin] 
[12/13/2022 18:19:54]: [nLogin] Shutting down nLogin V 10.1.8...
[12/13/2022 18:19:54]: [nLogin] 
[12/13/2022 18:19:54]: [nLogin] nLogin was unloaded in 16ms.
