[12/12/2022 15:20:51]:           __             _       
[12/12/2022 15:20:51]:   _ __   / /  ___   __ _(_)_ __  
[12/12/2022 15:20:51]:  | '_ \ / /  / _ \ / _` | | '_ \ 
[12/12/2022 15:20:51]:  | | | / /__| (_) | (_| | | | | |
[12/12/2022 15:20:51]:  |_| |_\____/\___/ \__, |_|_| |_|
[12/12/2022 15:20:51]:                   |___/            
[12/12/2022 15:20:51]:  By: www.nickuc.com - V 10.1.8 DEVELOPMENT
[12/12/2022 15:20:51]: 
[12/12/2022 15:20:51]: §3[nLogin] [DEBUG] Detecting hardware and software configurations...
[12/12/2022 15:20:52]: §3[nLogin] [DEBUG] All settings were loaded in 411 ms.
[12/12/2022 15:20:52]: §3[nLogin] [DEBUG] Loading the messages_ru.yml message file...
[12/12/2022 15:20:52]: §3[nLogin] [DEBUG] All plugin messages were loaded in 178 ms (languageByClient=false).
[12/12/2022 15:20:52]: §3[nLogin] [DEBUG] All proxy settings were loaded in 1 ms.
[12/12/2022 15:20:52]: §3[nLogin] [DEBUG] Starting logger filter...
[12/12/2022 15:20:52]: §3[nLogin] [DEBUG] Loading database...
[12/12/2022 15:20:54]: [nLogin] nLogin was loaded in 3217ms.
[12/12/2022 15:22:33]: §3[nLogin] [DEBUG] [SQLite] [UPDATE]: "UPDATE `nlogin` SET `realname` = 'C0nnor123', `uniqueId` = 9af05406dc21368db76e925533b15ae9,  `premiumId` = null,  `premium` = -1,  `password` = '$SHA512$2d4749294dfb68cb7cb9b66d8db54b6f515d8a7696e8558594137017e65b4d9fa78905b55b7aa0ba942385486922a222748b25e993c2da0630fc0900d78891b8$WyBVAFsAgPXAwlmOmmzmHFwf', `address` = '95.53.13.5', `regdate` = 2022-12-10 10:07:27.352, `lastlogin` = 2022-12-12 15:22:33.841, `email` = null, `twitter` = null, `discord` = null, `settings` = '{"settings":[{"value":"W5Bw4Ek4SSwaUTiqQwxrYyXb0oNm8lyWh4xMidDGyBpJqFhiwaJ4IgeD7fmh9RCMKQM1jefmz2IMLLXQw63atxrWMobNB/RnQj5sBeNk/kNsrDbDiu1ZyHtdvnkf9ZQcEu1OuEdSlPc2/C8wAMweRDUSeQYmoXzKDCTdxp6/ib0vOKval5vdV9RCyCVwlYahVLBppqPiM7nqcj4hB4EDUXFlsmdQP65uYk/aponS6sHgGLI2lPpuLFo4e1DmqtKdXmpXT6azUAigkGSPqeRxCvqzgR9J5RuV3owlLi6nbPaVjtv2TORDJoEEAy3Cg6LI/f/MUDLLz7KCF9aBYFPtK/AEj0f2s/zb6l+OaryTu2vyhxgcRzsygoXjr2bEaLFM/823XPxaqqXP7RJaVv+lPrtJOhv3jgZ+hDzYqOjPXIfweot3QBNv837UN585JoPp4b1d6WsQzVAZk7shzEpJfBtLNX6VV0SXHNXxJmFrvt7Pn9AT6IOsyBvU0M5jADzbOax59wlMNkxlngxZkwUtRMy0SGGN/dFUgNLoBNlohPWJmmz+hyJMrRXrhlonJ7h4xfSZEHcNgdVNStd32AzcH1mvturk/m3y/gJrJh3HszSoJSpUuh/yfB1hJzvy/wAIffn19ZuPyg80Xol90Acra8hvp/ggK3jY0YWXbFRApTU=:HgIKjYS0SEv44CbcnzJ3qxLvszO4aMsgETiB0k5NhKfBlaw9pemecSOU4JpLSU5ebX3jbVJk","key":"encrypted"}],"version":0}' WHERE `id` = 12"
[12/12/2022 15:22:33]: [nLogin] The user C0nnor123 has successfully logged in.
[12/12/2022 15:46:48]: §3[nLogin] [DEBUG] [SQLite] [UPDATE]: "UPDATE `nlogin` SET `realname` = 'handcuffs', `uniqueId` = 94dd4220bb4e3ca692a32b63dfcd4c92,  `premiumId` = null,  `premium` = -1,  `password` = '$SHA512$ad041d9047f223cdc0b699d9eef7d54d68eb55404b80d1477dcf493c8369526cfd1d0db349a8ce2519f1620a137e5cefe0eec1fa0571d4781cab479ae041a822$uTnfcIcgMKxjIDKgupcTgpqm', `address` = '104.28.200.203', `regdate` = 2022-12-11 17:26:55.745, `lastlogin` = 2022-12-12 15:46:48.231, `email` = null, `twitter` = null, `discord` = null, `settings` = '{"settings":[{"value":"VFRH2HjAhWUf61CzWBIoWG/54oKciDDhuGqVhneiq8VH8HYEsqTuhITl83RkcEHO/jsCpp6PHY3s8Z1x16jesozH8vBaZ76JcLMRFTrAPU8I5swAZDpvIJ5JapfzgxqiQubn8vaoEldyufVXvPJh6RwqGTXdOU918Ym8SYvbY2uAhu1hU4hQlTtN4An+PYr3ZaNeg162rEpVZzGwmOWv0b5BD4d15OocFNEPm8gIW7cMAdrFNK5vJ3+UuzUfYbi5Flp8WcaEH3ebkhOOBf583pyH1NgzUFx4hyF2YE7P/JXIdNNnD1R/pv5qxu0eNbg2X3ggbaP5PTzj0DFiutNwjHtDsMF4BHcj5Lk9YdFxrFSBxhtQCZmcPUlUlKrmwgCecPHQG1gmujksSbqOVkmyUqfEyvE7kYQc7vASk/uY6ajjfCyT3r7nd7IZ6NNj/ijrqMyomfB0NUDFBerbYTYQ22CIChSntaE2D6mKjof0zeHJ6zolycEucvkkcBAatodQ8BJ1pvkrhzllA7SGETm33L2fojEBE6WFYwrataTL5dI0K84P+aWI+wPLdI1mvuMt5KGnVNUF7FaL3XatEVsbkFA6s2OvK7UMsrLc8KvOk01UBiKq62rBUs8xo6wkxtVDnSCKMjHzXfoQ82zrxY4QKsuuiykRjHRdrY8LT1PG5zU=:A0EtEhsW0+IjWG2Djj3qlhB2SjUlSUH20ymaeBhDSj2vvBlf1WNUrhPadRlZl8WUeg4=","key":"encrypted"}],"version":0}' WHERE `id` = 95"
[12/12/2022 15:46:48]: [nLogin] The user handcuffs has successfully logged in.
[12/12/2022 15:48:28]: §3[nLogin] [DEBUG] [SQLite] [UPDATE]: "UPDATE `nlogin` SET `realname` = 'qShip', `uniqueId` = 5210a989af313423b0fa5a492620269e,  `premiumId` = null,  `premium` = -1,  `password` = '$SHA512$aae4253cd8b8e2529453eb979d9b0f928b6fd2b459b5cd85eb60578f81e9cfdf693c938b8a18febe0316d12b60ed7acebc3c23996b048f37634187ff6f558a0e$ivrFCXsopAeAjUUMRBYcYblT', `address` = '77.40.61.39', `regdate` = 2022-11-12 16:00:11.834, `lastlogin` = 2022-12-12 15:48:28.739, `email` = null, `twitter` = null, `discord` = null, `settings` = '{"settings":[{"value":"mQz90Oim1d9J3rPUt/dxLco+kxiQgr/Qxn1sFftBtA3/JhAh3rZTxmqk2gKoLaMbinkxGp4f3RJkqcY4zPWCaiWZZpeV5Isu91HGSYsDXFnYR37OOgjRuZ865L9PREFFR4qhPvOqNXYT38dakCXmwNtaIhjWZC8r3uFS1QsxzlOJSAXlKFMnppO1DXNhA3hDRLh8rXktsBPXjHMpG1QZPOBTT1N7AdIVTZqJV317opnnKJKYlsxJqDAx4j02Ny+cANzcoj/PtSgdFARqc6diDfkOK+3Q6VGQSBNnpyKnI2X7Xl3OIhZ3uoiJMzXoXHFYgOE/ATzL8IrLoEj9XpYWgerDusYG/zhAmD5ftiJrOW6ofEddw78LLCNDWs5L9oJnGfLPujtnhszuC+LH1DJ8+ANW8yJKJ4FvBmQ1n1WbW5evN7UQE2cNy+FpZLUEcwf9DMnnTUSZMIb87kpotZ+Sk1qicEvc6byNox6louuu5AFiH2IuJhNcer6c+SVUFL/5rUaedIA4cAeZL4XDjjza8rETZApbkGqCQL9qlNZHT73EaPeJ3o3LbGyfEGe045HeIZX1Dq0LI1IQgTGaQx9sBos9rBfDYDdlK397+hbB/CeItiXQklT286wrKIUOH8Mc6eeW0IZvwCT85rFxKzg0fGdYG1DOtKr/xMk8ZhZcTOE=:ILOTdRFkyqsAsrPAUEdec5Ke45LwOvxgTQOPzIL43JmT/ecSe1W1V/V9w6hbkd4WqTM=","key":"encrypted"}],"version":0}' WHERE `id` = 1"
[12/12/2022 15:48:28]: [nLogin] The user qShip has successfully logged in.
[12/12/2022 16:11:01]: §3[nLogin] [DEBUG] [SQLite] [UPDATE]: "INSERT INTO `nlogin` (`name`, `realname`, `uniqueId`, `premiumId`, `premium`, `password`, `address`, `regdate`, `lastlogin`, `email`, `twitter`, `discord`, `settings`) VALUES ('efteltje', 'efteltje', ac253befd6d7379092a29809db2c19b6, null, -1, null, '127.0.0.1', '1970-01-01 00:00:00.0', '1970-01-01 00:00:00.0', null, null, null, null)"
[12/12/2022 16:11:15]: §3[nLogin] [DEBUG] [SQLite] [UPDATE]: "UPDATE `nlogin` SET `realname` = 'efteltje', `uniqueId` = ac253befd6d7379092a29809db2c19b6,  `premiumId` = null,  `premium` = -1,  `password` = '$SHA512$5342a68147a675a517a287db2effa3b4a4a39708bf882ff35fcc0f74d3deef1121ec7b49706f9659e5fa8eb223392deee28428c99e43a9f5117f071dad7d4f31$uXYFLZfUpPCFxBbfVxcXiZeP', `address` = '77.40.61.39', `regdate` = 2022-12-12 16:11:15.841, `lastlogin` = 2022-12-12 16:11:15.841, `email` = null, `twitter` = null, `discord` = null, `settings` = '{"settings":[{"value":"JsPyh8RLiBha4Foti3bYO1cLWeTnFyblg3bTri4hPsfSligsWAQZxOTa+i/mQ7yNz/t9T+pENXQMfHcA1gvHasnk6/MnoMFJ+nrCbERb/sd1H5r+DatM5CvkgqYWHOJqiX56jMZhjKfcnYgfzht7/ImwVyzbRaT/yZ21gqxTe7zielIB/7WwFvUaWUKVb/t9kBSZ63jMlJsIIJlv1ZY/M9jO+PL3l9ZG6hbDTFBPh1NU8Pdkv4Wc7HklGf1RuSojp+rXmd7gtRjNjY9964x7GoLJtNxMHeelZ2IS9BWstvzTEle+/uHMD7ECNEhXMj/+a1JlFHCM3HEtLa4ylBDG98jQ4nh7pDasVhATABdHeC6TjJsIqbpo+mNWiLhnjng38euFJkrghOyh0JRRNPU8ovDl7zBXDEznQGVHhNAiCnHKOF/2nUp2kdtSAnb9M2Wni7pK/SUjowKKq1R/LAzjHLkLkOlYDRQuJ15G7qgv3iWpaJDFazgkiXn/zQ+7dVI4PQhLg/xdQDsSLhSE935H7S3mHBMzzDmznOvFNNOJxkkOMIuTcXJ0qyQUnE7nX5TCEut2yAGdiYxrNltLVGMCcl60OseewAnYK9pvxVpAbW1R+0LIN1mbQ7S++twiVcIKSWDTbHHgnw8tnzAbmhKjz6F7OAPZrzLyfPsLoM4dFp4=:zlMv/XweZpqNRygp60txDFnRXfc8nPWMTKlVHbwOXbdd96IttMbBflslZBoamjLgfUM=","key":"encrypted"}],"version":0}' WHERE `id` = 98"
[12/12/2022 16:11:15]: [nLogin] The user efteltje has successfully registered.
[12/12/2022 16:24:28]: [nLogin] Could not install: update was not confirmed by the user.
[12/12/2022 16:24:28]: [nLogin] Successful plugin core shutdown (took 0.00s)
[12/12/2022 16:24:28]: [nLogin] 
[12/12/2022 16:24:28]: [nLogin] Shutting down nLogin V 10.1.8...
[12/12/2022 16:24:28]: [nLogin] 
[12/12/2022 16:24:28]: [nLogin] nLogin was unloaded in 6ms.
