[12/13/2022 19:18:32]:           __             _       
[12/13/2022 19:18:32]:   _ __   / /  ___   __ _(_)_ __  
[12/13/2022 19:18:32]:  | '_ \ / /  / _ \ / _` | | '_ \ 
[12/13/2022 19:18:32]:  | | | / /__| (_) | (_| | | | | |
[12/13/2022 19:18:32]:  |_| |_\____/\___/ \__, |_|_| |_|
[12/13/2022 19:18:32]:                   |___/            
[12/13/2022 19:18:32]:  By: www.nickuc.com - V 10.1.8 DEVELOPMENT
[12/13/2022 19:18:32]: 
[12/13/2022 19:18:32]: §3[nLogin] [DEBUG] Detecting hardware and software configurations...
[12/13/2022 19:18:33]: §3[nLogin] [DEBUG] All settings were loaded in 292 ms.
[12/13/2022 19:18:33]: §3[nLogin] [DEBUG] Loading the messages_ru.yml message file...
[12/13/2022 19:18:33]: §3[nLogin] [DEBUG] All plugin messages were loaded in 100 ms (languageByClient=false).
[12/13/2022 19:18:33]: §3[nLogin] [DEBUG] All proxy settings were loaded in 1 ms.
[12/13/2022 19:18:33]: §3[nLogin] [DEBUG] Starting logger filter...
[12/13/2022 19:18:33]: §3[nLogin] [DEBUG] Loading database...
[12/13/2022 19:18:34]: [nLogin] nLogin was loaded in 2693ms.
[12/13/2022 19:19:29]: §3[nLogin] [DEBUG] [SQLite] [UPDATE]: "UPDATE `nlogin` SET `realname` = 'qShip', `uniqueId` = 5210a989af313423b0fa5a492620269e,  `premiumId` = null,  `premium` = -1,  `password` = '$SHA512$aae4253cd8b8e2529453eb979d9b0f928b6fd2b459b5cd85eb60578f81e9cfdf693c938b8a18febe0316d12b60ed7acebc3c23996b048f37634187ff6f558a0e$ivrFCXsopAeAjUUMRBYcYblT', `address` = '77.40.61.39', `regdate` = 2022-11-12 16:00:11.834, `lastlogin` = 2022-12-13 19:19:29.908, `email` = null, `twitter` = null, `discord` = null, `settings` = '{"settings":[{"value":"mQz90Oim1d9J3rPUt/dxLco+kxiQgr/Qxn1sFftBtA3/JhAh3rZTxmqk2gKoLaMbinkxGp4f3RJkqcY4zPWCaiWZZpeV5Isu91HGSYsDXFnYR37OOgjRuZ865L9PREFFR4qhPvOqNXYT38dakCXmwNtaIhjWZC8r3uFS1QsxzlOJSAXlKFMnppO1DXNhA3hDRLh8rXktsBPXjHMpG1QZPOBTT1N7AdIVTZqJV317opnnKJKYlsxJqDAx4j02Ny+cANzcoj/PtSgdFARqc6diDfkOK+3Q6VGQSBNnpyKnI2X7Xl3OIhZ3uoiJMzXoXHFYgOE/ATzL8IrLoEj9XpYWgerDusYG/zhAmD5ftiJrOW6ofEddw78LLCNDWs5L9oJnGfLPujtnhszuC+LH1DJ8+ANW8yJKJ4FvBmQ1n1WbW5evN7UQE2cNy+FpZLUEcwf9DMnnTUSZMIb87kpotZ+Sk1qicEvc6byNox6louuu5AFiH2IuJhNcer6c+SVUFL/5rUaedIA4cAeZL4XDjjza8rETZApbkGqCQL9qlNZHT73EaPeJ3o3LbGyfEGe045HeIZX1Dq0LI1IQgTGaQx9sBos9rBfDYDdlK397+hbB/CeItiXQklT286wrKIUOH8Mc6eeW0IZvwCT85rFxKzg0fGdYG1DOtKr/xMk8ZhZcTOE=:ILOTdRFkyqsAsrPAUEdec5Ke45LwOvxgTQOPzIL43JmT/ecSe1W1V/V9w6hbkd4WqTM=","key":"encrypted"}],"version":0}' WHERE `id` = 1"
[12/13/2022 19:19:29]: [nLogin] The user qShip has successfully logged in.
[12/13/2022 19:19:31]: §3[nLogin] [DEBUG] [SQLite] [UPDATE]: "UPDATE `nlogin` SET `realname` = 'Waind', `uniqueId` = 0c11d5d25174397988ee0ff7afc59e8e,  `premiumId` = null,  `premium` = -1,  `password` = '$SHA512$3d3b4f03ff71ed5aa2978d5ac639dc09eeaafbd53148b14c5035d3869b0f6f31b0642e73b9d8e362228b04c8303f953cad777fcdf9446d88ef98587fbf0e3c0e$XuNNwwcaDETqyxhsKdbFOENr', `address` = '95.84.31.164', `regdate` = 2022-12-10 11:07:43.986, `lastlogin` = 2022-12-13 19:19:31.85, `email` = null, `twitter` = null, `discord` = null, `settings` = '{"settings":[{"value":"Cu3PSX96plWlyl7eOYjkcF573kUx9RsoTUCUt/diAqipekXkDC5BMGu9CwmtESy9J1KjXAb5RkZw9U7dVyMViGkeHL3bOqdvT64GctzT1O4JznwZlgm7kMOvmlYidSXs+GWiUFApGfUDqPY1GH2ttG8BVeDRph3RgTPkxsNyUNk0twqVzhz6SQjNvdPybdHHXsvVrDI8L32WVSSatrnaIekbiDggyEzhZ9N60tDLaGHFNTDm/fOT0OA5+qlmPIlv7/iHZUIY63bVDtSzLy/BNaCJDwc4ggErMmMYsbjMpn7oBLN892koC6S3tIdrWJb9kFZhSUtRE834wvEhQp35Bcv8UM81pX6PhV405ytPsPzI/QYXiI+xj/FiTVvXadQ9LM0bzJ7W2iLs8ZMuNcXU2npx3/IfvzMg9BmZb2R8I6vbjfnItsrV5wOA65ZHuBWwNMZtsC/DDdJHxSifYtzuC46B9aPQXEC5kqjrJRbh4qAokZKSSTuxz0Me3A/aVm1UsY9V21ujxLCYoVOcajqDNzhLg0toQJZ2b/XR+Nr6ekAIZLy7mJ62E0oiYDbBt0ymrQ5ttxsMDjjACqJRRduNT8r5Hhgz6D73oqBj/saAWc38oBD3av/oLf7HASFlqwnIQ6x1YdV6L3RAosVikBTOawoGZ2+86h78PqwrVWev12s=:U0HJSNbDqmRAUqniuGxjPC9OBM9zLPtExhB2G8e61B1iVtxwd57CXRLMdROREnxL7tDpI7KICA==","key":"encrypted"}],"version":0}' WHERE `id` = 13"
[12/13/2022 19:19:31]: [nLogin] The user Waind has successfully logged in.
[12/13/2022 19:19:58]: §3[nLogin] [DEBUG] [SQLite] [UPDATE]: "UPDATE `nlogin` SET `realname` = 'qShip', `uniqueId` = 5210a989af313423b0fa5a492620269e,  `premiumId` = null,  `premium` = -1,  `password` = '$SHA512$aae4253cd8b8e2529453eb979d9b0f928b6fd2b459b5cd85eb60578f81e9cfdf693c938b8a18febe0316d12b60ed7acebc3c23996b048f37634187ff6f558a0e$ivrFCXsopAeAjUUMRBYcYblT', `address` = '77.40.61.39', `regdate` = 2022-11-12 16:00:11.834, `lastlogin` = 2022-12-13 19:19:58.681, `email` = null, `twitter` = null, `discord` = null, `settings` = '{"settings":[{"value":"mQz90Oim1d9J3rPUt/dxLco+kxiQgr/Qxn1sFftBtA3/JhAh3rZTxmqk2gKoLaMbinkxGp4f3RJkqcY4zPWCaiWZZpeV5Isu91HGSYsDXFnYR37OOgjRuZ865L9PREFFR4qhPvOqNXYT38dakCXmwNtaIhjWZC8r3uFS1QsxzlOJSAXlKFMnppO1DXNhA3hDRLh8rXktsBPXjHMpG1QZPOBTT1N7AdIVTZqJV317opnnKJKYlsxJqDAx4j02Ny+cANzcoj/PtSgdFARqc6diDfkOK+3Q6VGQSBNnpyKnI2X7Xl3OIhZ3uoiJMzXoXHFYgOE/ATzL8IrLoEj9XpYWgerDusYG/zhAmD5ftiJrOW6ofEddw78LLCNDWs5L9oJnGfLPujtnhszuC+LH1DJ8+ANW8yJKJ4FvBmQ1n1WbW5evN7UQE2cNy+FpZLUEcwf9DMnnTUSZMIb87kpotZ+Sk1qicEvc6byNox6louuu5AFiH2IuJhNcer6c+SVUFL/5rUaedIA4cAeZL4XDjjza8rETZApbkGqCQL9qlNZHT73EaPeJ3o3LbGyfEGe045HeIZX1Dq0LI1IQgTGaQx9sBos9rBfDYDdlK397+hbB/CeItiXQklT286wrKIUOH8Mc6eeW0IZvwCT85rFxKzg0fGdYG1DOtKr/xMk8ZhZcTOE=:ILOTdRFkyqsAsrPAUEdec5Ke45LwOvxgTQOPzIL43JmT/ecSe1W1V/V9w6hbkd4WqTM=","key":"encrypted"}],"version":0}' WHERE `id` = 1"
[12/13/2022 19:19:58]: [nLogin] The user qShip has successfully logged in.
[12/13/2022 19:20:22]: §3[nLogin] [DEBUG] [SQLite] [UPDATE]: "UPDATE `nlogin` SET `realname` = 'kanduz', `uniqueId` = 862241e4b13a3556833ac26112be3549,  `premiumId` = null,  `premium` = -1,  `password` = '$SHA512$c69a8e193b10431108e1a85ce100ec76ac581d88137a97446b7f88068d87e39f529e9c2cfd31fe5dd2203f2515320deb0d876b836a4aa44b6b17ea1bc08ad3b4$atTSboakUpllDvtkLyBVxsJE', `address` = '92.101.149.219', `regdate` = 2022-12-10 11:08:03.003, `lastlogin` = 2022-12-13 19:20:22.55, `email` = null, `twitter` = null, `discord` = null, `settings` = '{"settings":[{"value":"NjYOHEIdT0vdj+g+kaEXOaZKrfzGe5MQ+vVYBtwksReg0dx5absR67Fi8yjOlFODMt1qkSiul4/5wNV9a4Y669OstLZDcBDzaMpRMcI3ZS7qZWC2U5ZGh91oh6ox7vdA9ilZeKS3nDLbYQS0A8gbxS5hjw5X/bFZjybB4oagIAV467D9PN6RQol7CRkUXIqvBwZm/hoAv5EKup39gHZy9JzuXOhr0+B9XC7KUuBgnIY5Qrrr1JZUkBZdM7LudKwk0/dDShzIrw805hSJwC+6Gx30R4Kn9TwgUO7CPl/Va0fjO4cRxX+RqBjs7N14eya+eoA+kbk0TIyidHvFnA0RMBVTcohuzXS/zcRpzKGIMBLJJFBsaSuTAXUqt3awWZjrCr5Re2bFbIMmOuGNmSgh7faDDuWf6KPyb8UmwlVI0FLWumwTxhS7EVCK6U6DzCU/F5SoQdR85ueZ/xEnEzSDAwU1/x7cCquMWrZWVN2/2y9Th/jOIsPOvPWCbVo9YK2Ixqan5vkEF0tMP+6MDFophIkKhQTTqDTd1Udua+s559xifcM/S4DkFTpqeDeei3dN3fqC8FYF7fwnLPbuFC6EyHtLQFhcv39RbkMSpltIhCW2XtbaPhTeDVFG4mdFTBrwTp6yWlsiVLHw7rluOdXaXZGaBSE3nqStE+u5C3rFin4=:bBYyQkV/MMrxHJVQPaRI9A2B1lPjlaYO+WhjLbuEI8lf0Pw+avp4AXxmjEnXRTXbxxLo3A==","key":"encrypted"}],"version":0}' WHERE `id` = 14"
[12/13/2022 19:20:22]: [nLogin] The user kanduz has successfully logged in.
[12/13/2022 19:21:12]: §3[nLogin] [DEBUG] [SQLite] [UPDATE]: "UPDATE `nlogin` SET `realname` = 'dogleash', `uniqueId` = cc957035affe3e9da31a11a606972ef5,  `premiumId` = null,  `premium` = -1,  `password` = '$SHA512$3a693548277b602a35c3aef48d3aad4208eedb03b26931136ed1b9c2de57f11aeb6a3876103585bbba1c515e4bf574a5d3c72434a808e9848f77d1c56c85f318$HgUHzUySYhuxNQukdMtdOgrD', `address` = '95.158.53.93', `regdate` = 2022-12-10 13:24:47.262, `lastlogin` = 2022-12-13 19:21:12.6, `email` = null, `twitter` = null, `discord` = null, `settings` = '{"settings":[{"value":"R/t9sEkbid29sCZKPIgFxUmu1fd/AgqR2HueqD3/VbrV970yB1uULsuiU/w7RwlEwgQ+XNagKeIZqQguCziS/tpC8uWMl6qHiPVkVJR0prKF306C6Fh+08P4b5eylLmukZBbCWiOJkihRzDFLLpVMhUQPAmLcChMdq7LdulcqQDKpXqSVIWKUoLkV1jxvLBlDXVNWiBJ1LswyH71rGhLFM0xkcFZv1uTgigE/vmY9W6fuKdb/BFbluiC2TPZwr8DlVA5nwVQ9NI+DM6DB2WgTlGaW/vNqgsDkHbm1UgHMAWs/W+3e+TCUYde/o2SZ6F2NCyN1zSz0pRdiC4RHdBCp0gvfy6I7dISYsKMPASwPF5iKGh18uOjzB0JzeYJkT+7o9V82t3C9W+wiCmlsSbEn4uJv5CMLSgXjUbgPv9Ebkt7MtcA9BIsr4xmSiE1TlOeVT8PsEvjk0Zg+XXAVkBJ2uqxPma1NaUl57mApH8LiPucO1EAa4Hf+bgYnv0Hgb//KdgeHgQU2tYXCAnBLnaRcU9TURQFi92fk6FEdtI2lV40OxbkMthVnecZZlesDp2GXgy0T8y+v56qfSWFoJQ0RYAgzdMWsdbx7PK8lXWvNgNyh1/Zp6bqMHiGGOR+3jUc1sAnWAWha7PMKkR6VbQqDQNLH9VFQ05zxNsiBzJJgJA=:mt+AUPQadwW9e+9zO66QLataLV7t5urcPVlOdbViseZbGrQymQC30CsGi13WFrBHKjjLCQ==","key":"encrypted"}],"version":0}' WHERE `id` = 39"
[12/13/2022 19:21:12]: [nLogin] The user dogleash has successfully logged in.
[12/13/2022 19:28:38]: §3[nLogin] [DEBUG] [SQLite] [UPDATE]: "UPDATE `nlogin` SET `realname` = 'qShip', `uniqueId` = 5210a989af313423b0fa5a492620269e,  `premiumId` = null,  `premium` = -1,  `password` = '$SHA512$aae4253cd8b8e2529453eb979d9b0f928b6fd2b459b5cd85eb60578f81e9cfdf693c938b8a18febe0316d12b60ed7acebc3c23996b048f37634187ff6f558a0e$ivrFCXsopAeAjUUMRBYcYblT', `address` = '77.40.61.39', `regdate` = 2022-11-12 16:00:11.834, `lastlogin` = 2022-12-13 19:28:38.35, `email` = null, `twitter` = null, `discord` = null, `settings` = '{"settings":[{"value":"mQz90Oim1d9J3rPUt/dxLco+kxiQgr/Qxn1sFftBtA3/JhAh3rZTxmqk2gKoLaMbinkxGp4f3RJkqcY4zPWCaiWZZpeV5Isu91HGSYsDXFnYR37OOgjRuZ865L9PREFFR4qhPvOqNXYT38dakCXmwNtaIhjWZC8r3uFS1QsxzlOJSAXlKFMnppO1DXNhA3hDRLh8rXktsBPXjHMpG1QZPOBTT1N7AdIVTZqJV317opnnKJKYlsxJqDAx4j02Ny+cANzcoj/PtSgdFARqc6diDfkOK+3Q6VGQSBNnpyKnI2X7Xl3OIhZ3uoiJMzXoXHFYgOE/ATzL8IrLoEj9XpYWgerDusYG/zhAmD5ftiJrOW6ofEddw78LLCNDWs5L9oJnGfLPujtnhszuC+LH1DJ8+ANW8yJKJ4FvBmQ1n1WbW5evN7UQE2cNy+FpZLUEcwf9DMnnTUSZMIb87kpotZ+Sk1qicEvc6byNox6louuu5AFiH2IuJhNcer6c+SVUFL/5rUaedIA4cAeZL4XDjjza8rETZApbkGqCQL9qlNZHT73EaPeJ3o3LbGyfEGe045HeIZX1Dq0LI1IQgTGaQx9sBos9rBfDYDdlK397+hbB/CeItiXQklT286wrKIUOH8Mc6eeW0IZvwCT85rFxKzg0fGdYG1DOtKr/xMk8ZhZcTOE=:ILOTdRFkyqsAsrPAUEdec5Ke45LwOvxgTQOPzIL43JmT/ecSe1W1V/V9w6hbkd4WqTM=","key":"encrypted"}],"version":0}' WHERE `id` = 1"
[12/13/2022 19:28:38]: [nLogin] The user qShip has successfully logged in.
[12/13/2022 19:41:06]: [nLogin] Could not install: update was not confirmed by the user.
[12/13/2022 19:41:06]: [nLogin] Successful plugin core shutdown (took 0.00s)
[12/13/2022 19:41:06]: [nLogin] 
[12/13/2022 19:41:06]: [nLogin] Shutting down nLogin V 10.1.8...
[12/13/2022 19:41:06]: [nLogin] 
[12/13/2022 19:41:06]: [nLogin] nLogin was unloaded in 4ms.
