[12/15/2022 15:09:32]:           __             _       
[12/15/2022 15:09:32]:   _ __   / /  ___   __ _(_)_ __  
[12/15/2022 15:09:32]:  | '_ \ / /  / _ \ / _` | | '_ \ 
[12/15/2022 15:09:32]:  | | | / /__| (_) | (_| | | | | |
[12/15/2022 15:09:32]:  |_| |_\____/\___/ \__, |_|_| |_|
[12/15/2022 15:09:32]:                   |___/            
[12/15/2022 15:09:32]:  By: www.nickuc.com - V 10.1.8 DEVELOPMENT
[12/15/2022 15:09:32]: 
[12/15/2022 15:09:32]: §3[nLogin] [DEBUG] Detecting hardware and software configurations...
[12/15/2022 15:09:33]: §3[nLogin] [DEBUG] All settings were loaded in 702 ms.
[12/15/2022 15:09:33]: §3[nLogin] [DEBUG] Loading the messages_ru.yml message file...
[12/15/2022 15:09:34]: §3[nLogin] [DEBUG] All plugin messages were loaded in 110 ms (languageByClient=false).
[12/15/2022 15:09:34]: §3[nLogin] [DEBUG] All proxy settings were loaded in 4 ms.
[12/15/2022 15:09:34]: §3[nLogin] [DEBUG] Starting logger filter...
[12/15/2022 15:09:34]: §3[nLogin] [DEBUG] Loading database...
[12/15/2022 15:09:36]: [nLogin] nLogin was loaded in 4976ms.
[12/15/2022 15:10:41]: [nLogin] Could not install: update was not confirmed by the user.
[12/15/2022 15:10:41]: [nLogin] Successful plugin core shutdown (took 0.00s)
[12/15/2022 15:10:41]: [nLogin] 
[12/15/2022 15:10:41]: [nLogin] Shutting down nLogin V 10.1.8...
[12/15/2022 15:10:41]: [nLogin] 
[12/15/2022 15:10:41]: [nLogin] nLogin was unloaded in 2ms.
