[12/10/2022 09:53:42]:           __             _       
[12/10/2022 09:53:42]:   _ __   / /  ___   __ _(_)_ __  
[12/10/2022 09:53:42]:  | '_ \ / /  / _ \ / _` | | '_ \ 
[12/10/2022 09:53:42]:  | | | / /__| (_) | (_| | | | | |
[12/10/2022 09:53:42]:  |_| |_\____/\___/ \__, |_|_| |_|
[12/10/2022 09:53:42]:                   |___/            
[12/10/2022 09:53:42]:  By: www.nickuc.com - V 10.1.8 DEVELOPMENT
[12/10/2022 09:53:42]: 
[12/10/2022 09:53:43]: §3[nLogin] [DEBUG] Detecting hardware and software configurations...
[12/10/2022 09:53:45]: §3[nLogin] [DEBUG] All settings were loaded in 746 ms.
[12/10/2022 09:53:45]: §3[nLogin] [DEBUG] Loading the messages_ru.yml message file...
[12/10/2022 09:53:45]: §3[nLogin] [DEBUG] All plugin messages were loaded in 328 ms (languageByClient=false).
[12/10/2022 09:53:45]: §3[nLogin] [DEBUG] All proxy settings were loaded in 5 ms.
[12/10/2022 09:53:45]: §3[nLogin] [DEBUG] Starting logger filter...
[12/10/2022 09:53:45]: §3[nLogin] [DEBUG] Loading database...
[12/10/2022 09:53:48]: [nLogin] nLogin was loaded in 5600ms.
[12/10/2022 09:59:09]: §3[nLogin] [DEBUG] [SQLite] [UPDATE]: "UPDATE `nlogin` SET `realname` = 'qShip', `uniqueId` = 5210a989af313423b0fa5a492620269e,  `premiumId` = null,  `premium` = -1,  `password` = '$SHA512$aae4253cd8b8e2529453eb979d9b0f928b6fd2b459b5cd85eb60578f81e9cfdf693c938b8a18febe0316d12b60ed7acebc3c23996b048f37634187ff6f558a0e$ivrFCXsopAeAjUUMRBYcYblT', `address` = '77.40.61.39', `regdate` = 2022-11-12 16:00:11.834, `lastlogin` = 2022-12-10 09:59:09.12, `email` = null, `twitter` = null, `discord` = null, `settings` = '{"settings":[{"value":"mQz90Oim1d9J3rPUt/dxLco+kxiQgr/Qxn1sFftBtA3/JhAh3rZTxmqk2gKoLaMbinkxGp4f3RJkqcY4zPWCaiWZZpeV5Isu91HGSYsDXFnYR37OOgjRuZ865L9PREFFR4qhPvOqNXYT38dakCXmwNtaIhjWZC8r3uFS1QsxzlOJSAXlKFMnppO1DXNhA3hDRLh8rXktsBPXjHMpG1QZPOBTT1N7AdIVTZqJV317opnnKJKYlsxJqDAx4j02Ny+cANzcoj/PtSgdFARqc6diDfkOK+3Q6VGQSBNnpyKnI2X7Xl3OIhZ3uoiJMzXoXHFYgOE/ATzL8IrLoEj9XpYWgerDusYG/zhAmD5ftiJrOW6ofEddw78LLCNDWs5L9oJnGfLPujtnhszuC+LH1DJ8+ANW8yJKJ4FvBmQ1n1WbW5evN7UQE2cNy+FpZLUEcwf9DMnnTUSZMIb87kpotZ+Sk1qicEvc6byNox6louuu5AFiH2IuJhNcer6c+SVUFL/5rUaedIA4cAeZL4XDjjza8rETZApbkGqCQL9qlNZHT73EaPeJ3o3LbGyfEGe045HeIZX1Dq0LI1IQgTGaQx9sBos9rBfDYDdlK397+hbB/CeItiXQklT286wrKIUOH8Mc6eeW0IZvwCT85rFxKzg0fGdYG1DOtKr/xMk8ZhZcTOE=:ILOTdRFkyqsAsrPAUEdec5Ke45LwOvxgTQOPzIL43JmT/ecSe1W1V/V9w6hbkd4WqTM=","key":"encrypted"}],"version":0}' WHERE `id` = 1"
[12/10/2022 09:59:09]: [nLogin] The user qShip has successfully logged in.
[12/10/2022 09:59:22]: §3[nLogin] [DEBUG] [SQLite] [UPDATE]: "UPDATE `nlogin` SET `realname` = 'qShip', `uniqueId` = 5210a989af313423b0fa5a492620269e,  `premiumId` = null,  `premium` = -1,  `password` = '$SHA512$aae4253cd8b8e2529453eb979d9b0f928b6fd2b459b5cd85eb60578f81e9cfdf693c938b8a18febe0316d12b60ed7acebc3c23996b048f37634187ff6f558a0e$ivrFCXsopAeAjUUMRBYcYblT', `address` = '77.40.61.39', `regdate` = 2022-11-12 16:00:11.834, `lastlogin` = 2022-12-10 09:59:22.937, `email` = null, `twitter` = null, `discord` = null, `settings` = '{"settings":[{"value":"mQz90Oim1d9J3rPUt/dxLco+kxiQgr/Qxn1sFftBtA3/JhAh3rZTxmqk2gKoLaMbinkxGp4f3RJkqcY4zPWCaiWZZpeV5Isu91HGSYsDXFnYR37OOgjRuZ865L9PREFFR4qhPvOqNXYT38dakCXmwNtaIhjWZC8r3uFS1QsxzlOJSAXlKFMnppO1DXNhA3hDRLh8rXktsBPXjHMpG1QZPOBTT1N7AdIVTZqJV317opnnKJKYlsxJqDAx4j02Ny+cANzcoj/PtSgdFARqc6diDfkOK+3Q6VGQSBNnpyKnI2X7Xl3OIhZ3uoiJMzXoXHFYgOE/ATzL8IrLoEj9XpYWgerDusYG/zhAmD5ftiJrOW6ofEddw78LLCNDWs5L9oJnGfLPujtnhszuC+LH1DJ8+ANW8yJKJ4FvBmQ1n1WbW5evN7UQE2cNy+FpZLUEcwf9DMnnTUSZMIb87kpotZ+Sk1qicEvc6byNox6louuu5AFiH2IuJhNcer6c+SVUFL/5rUaedIA4cAeZL4XDjjza8rETZApbkGqCQL9qlNZHT73EaPeJ3o3LbGyfEGe045HeIZX1Dq0LI1IQgTGaQx9sBos9rBfDYDdlK397+hbB/CeItiXQklT286wrKIUOH8Mc6eeW0IZvwCT85rFxKzg0fGdYG1DOtKr/xMk8ZhZcTOE=:ILOTdRFkyqsAsrPAUEdec5Ke45LwOvxgTQOPzIL43JmT/ecSe1W1V/V9w6hbkd4WqTM=","key":"encrypted"}],"version":0}' WHERE `id` = 1"
[12/10/2022 09:59:22]: [nLogin] The user qShip has successfully logged in.
[12/10/2022 10:06:41]: §3[nLogin] [DEBUG] [SQLite] [UPDATE]: "UPDATE `nlogin` SET `realname` = 'qShip', `uniqueId` = 5210a989af313423b0fa5a492620269e,  `premiumId` = null,  `premium` = -1,  `password` = '$SHA512$aae4253cd8b8e2529453eb979d9b0f928b6fd2b459b5cd85eb60578f81e9cfdf693c938b8a18febe0316d12b60ed7acebc3c23996b048f37634187ff6f558a0e$ivrFCXsopAeAjUUMRBYcYblT', `address` = '77.40.61.39', `regdate` = 2022-11-12 16:00:11.834, `lastlogin` = 2022-12-10 10:06:41.183, `email` = null, `twitter` = null, `discord` = null, `settings` = '{"settings":[{"value":"mQz90Oim1d9J3rPUt/dxLco+kxiQgr/Qxn1sFftBtA3/JhAh3rZTxmqk2gKoLaMbinkxGp4f3RJkqcY4zPWCaiWZZpeV5Isu91HGSYsDXFnYR37OOgjRuZ865L9PREFFR4qhPvOqNXYT38dakCXmwNtaIhjWZC8r3uFS1QsxzlOJSAXlKFMnppO1DXNhA3hDRLh8rXktsBPXjHMpG1QZPOBTT1N7AdIVTZqJV317opnnKJKYlsxJqDAx4j02Ny+cANzcoj/PtSgdFARqc6diDfkOK+3Q6VGQSBNnpyKnI2X7Xl3OIhZ3uoiJMzXoXHFYgOE/ATzL8IrLoEj9XpYWgerDusYG/zhAmD5ftiJrOW6ofEddw78LLCNDWs5L9oJnGfLPujtnhszuC+LH1DJ8+ANW8yJKJ4FvBmQ1n1WbW5evN7UQE2cNy+FpZLUEcwf9DMnnTUSZMIb87kpotZ+Sk1qicEvc6byNox6louuu5AFiH2IuJhNcer6c+SVUFL/5rUaedIA4cAeZL4XDjjza8rETZApbkGqCQL9qlNZHT73EaPeJ3o3LbGyfEGe045HeIZX1Dq0LI1IQgTGaQx9sBos9rBfDYDdlK397+hbB/CeItiXQklT286wrKIUOH8Mc6eeW0IZvwCT85rFxKzg0fGdYG1DOtKr/xMk8ZhZcTOE=:ILOTdRFkyqsAsrPAUEdec5Ke45LwOvxgTQOPzIL43JmT/ecSe1W1V/V9w6hbkd4WqTM=","key":"encrypted"}],"version":0}' WHERE `id` = 1"
[12/10/2022 10:06:41]: [nLogin] The user qShip has successfully logged in.
[12/10/2022 10:07:06]: §3[nLogin] [DEBUG] [SQLite] [UPDATE]: "INSERT INTO `nlogin` (`name`, `realname`, `uniqueId`, `premiumId`, `premium`, `password`, `address`, `regdate`, `lastlogin`, `email`, `twitter`, `discord`, `settings`) VALUES ('c0nnor123', 'C0nnor123', 9af05406dc21368db76e925533b15ae9, null, -1, null, '127.0.0.1', '1970-01-01 00:00:00.0', '1970-01-01 00:00:00.0', null, null, null, null)"
[12/10/2022 10:07:28]: §3[nLogin] [DEBUG] [SQLite] [UPDATE]: "UPDATE `nlogin` SET `realname` = 'C0nnor123', `uniqueId` = 9af05406dc21368db76e925533b15ae9,  `premiumId` = null,  `premium` = -1,  `password` = '$SHA512$2d4749294dfb68cb7cb9b66d8db54b6f515d8a7696e8558594137017e65b4d9fa78905b55b7aa0ba942385486922a222748b25e993c2da0630fc0900d78891b8$WyBVAFsAgPXAwlmOmmzmHFwf', `address` = '95.53.13.5', `regdate` = 2022-12-10 10:07:27.352, `lastlogin` = 2022-12-10 10:07:27.352, `email` = null, `twitter` = null, `discord` = null, `settings` = '{"settings":[{"value":"W5Bw4Ek4SSwaUTiqQwxrYyXb0oNm8lyWh4xMidDGyBpJqFhiwaJ4IgeD7fmh9RCMKQM1jefmz2IMLLXQw63atxrWMobNB/RnQj5sBeNk/kNsrDbDiu1ZyHtdvnkf9ZQcEu1OuEdSlPc2/C8wAMweRDUSeQYmoXzKDCTdxp6/ib0vOKval5vdV9RCyCVwlYahVLBppqPiM7nqcj4hB4EDUXFlsmdQP65uYk/aponS6sHgGLI2lPpuLFo4e1DmqtKdXmpXT6azUAigkGSPqeRxCvqzgR9J5RuV3owlLi6nbPaVjtv2TORDJoEEAy3Cg6LI/f/MUDLLz7KCF9aBYFPtK/AEj0f2s/zb6l+OaryTu2vyhxgcRzsygoXjr2bEaLFM/823XPxaqqXP7RJaVv+lPrtJOhv3jgZ+hDzYqOjPXIfweot3QBNv837UN585JoPp4b1d6WsQzVAZk7shzEpJfBtLNX6VV0SXHNXxJmFrvt7Pn9AT6IOsyBvU0M5jADzbOax59wlMNkxlngxZkwUtRMy0SGGN/dFUgNLoBNlohPWJmmz+hyJMrRXrhlonJ7h4xfSZEHcNgdVNStd32AzcH1mvturk/m3y/gJrJh3HszSoJSpUuh/yfB1hJzvy/wAIffn19ZuPyg80Xol90Acra8hvp/ggK3jY0YWXbFRApTU=:HgIKjYS0SEv44CbcnzJ3qxLvszO4aMsgETiB0k5NhKfBlaw9pemecSOU4JpLSU5ebX3jbVJk","key":"encrypted"}],"version":0}' WHERE `id` = 12"
[12/10/2022 10:07:28]: [nLogin] The user C0nnor123 has successfully registered.
[12/10/2022 10:39:22]: [nLogin] Could not install: update was not confirmed by the user.
[12/10/2022 10:39:22]: [nLogin] Successful plugin core shutdown (took 0.23s)
[12/10/2022 10:39:22]: [nLogin] 
[12/10/2022 10:39:22]: [nLogin] Shutting down nLogin V 10.1.8...
[12/10/2022 10:39:22]: [nLogin] 
[12/10/2022 10:39:23]: [nLogin] nLogin was unloaded in 408ms.
