[12/13/2022 16:10:17]:           __             _       
[12/13/2022 16:10:17]:   _ __   / /  ___   __ _(_)_ __  
[12/13/2022 16:10:17]:  | '_ \ / /  / _ \ / _` | | '_ \ 
[12/13/2022 16:10:17]:  | | | / /__| (_) | (_| | | | | |
[12/13/2022 16:10:17]:  |_| |_\____/\___/ \__, |_|_| |_|
[12/13/2022 16:10:17]:                   |___/            
[12/13/2022 16:10:17]:  By: www.nickuc.com - V 10.1.8 DEVELOPMENT
[12/13/2022 16:10:17]: 
[12/13/2022 16:10:17]: §3[nLogin] [DEBUG] Detecting hardware and software configurations...
[12/13/2022 16:10:18]: §3[nLogin] [DEBUG] All settings were loaded in 420 ms.
[12/13/2022 16:10:18]: §3[nLogin] [DEBUG] Loading the messages_ru.yml message file...
[12/13/2022 16:10:18]: §3[nLogin] [DEBUG] All plugin messages were loaded in 191 ms (languageByClient=false).
[12/13/2022 16:10:18]: §3[nLogin] [DEBUG] All proxy settings were loaded in 2 ms.
[12/13/2022 16:10:18]: §3[nLogin] [DEBUG] Starting logger filter...
[12/13/2022 16:10:18]: §3[nLogin] [DEBUG] Loading database...
[12/13/2022 16:10:20]: [nLogin] nLogin was loaded in 3721ms.
[12/13/2022 16:11:14]: [nLogin] Could not install: download in progress...
[12/13/2022 16:11:14]: [nLogin] Successful plugin core shutdown (took 0.02s)
[12/13/2022 16:11:14]: [nLogin] 
[12/13/2022 16:11:14]: [nLogin] Shutting down nLogin V 10.1.8...
[12/13/2022 16:11:14]: [nLogin] 
[12/13/2022 16:11:14]: [nLogin] nLogin was unloaded in 6ms.
