[12/10/2022 14:42:27]:           __             _       
[12/10/2022 14:42:27]:   _ __   / /  ___   __ _(_)_ __  
[12/10/2022 14:42:27]:  | '_ \ / /  / _ \ / _` | | '_ \ 
[12/10/2022 14:42:27]:  | | | / /__| (_) | (_| | | | | |
[12/10/2022 14:42:27]:  |_| |_\____/\___/ \__, |_|_| |_|
[12/10/2022 14:42:27]:                   |___/            
[12/10/2022 14:42:27]:  By: www.nickuc.com - V 10.1.8 DEVELOPMENT
[12/10/2022 14:42:27]: 
[12/10/2022 14:42:28]: §3[nLogin] [DEBUG] Detecting hardware and software configurations...
[12/10/2022 14:42:31]: §3[nLogin] [DEBUG] All settings were loaded in 2140 ms.
[12/10/2022 14:42:31]: §3[nLogin] [DEBUG] Loading the messages_ru.yml message file...
[12/10/2022 14:42:31]: §3[nLogin] [DEBUG] All plugin messages were loaded in 237 ms (languageByClient=false).
[12/10/2022 14:42:31]: §3[nLogin] [DEBUG] All proxy settings were loaded in 4 ms.
[12/10/2022 14:42:31]: §3[nLogin] [DEBUG] Starting logger filter...
[12/10/2022 14:42:31]: §3[nLogin] [DEBUG] Loading database...
[12/10/2022 14:42:37]: [nLogin] nLogin was loaded in 10839ms.
[12/10/2022 14:47:32]: §4[nLogin] [ERROR] §cFailed to spoof start packet for qShip
java.lang.UnsupportedOperationException: The method getUniqueId is not supported for temporary players.
	at ProtocolLib.jar//com.comphenix.protocol.injector.temporary.TemporaryPlayerFactory$1.delegate(TemporaryPlayerFactory.java:138)
	at ProtocolLib.jar//com.comphenix.protocol.injector.temporary.TemporaryPlayerInvocationHandler.getUniqueId(Unknown Source)
	at ProtocolLib.jar//com.comphenix.protocol.injector.BukkitUnwrapper.lambda$getProxyUnwrapper$0(BukkitUnwrapper.java:232)
	at ProtocolLib.jar//com.comphenix.protocol.injector.BukkitUnwrapper.unwrapItem(BukkitUnwrapper.java:125)
	at ProtocolLib.jar//com.comphenix.protocol.utility.MinecraftFields.getNetworkManager(MinecraftFields.java:31)
	at ProtocolLib.jar//com.comphenix.protocol.injector.netty.channel.InjectionFactory.fromPlayer(InjectionFactory.java:96)
	at ProtocolLib.jar//com.comphenix.protocol.injector.netty.manager.NetworkManagerPlayerInjector.receiveClientPacket(NetworkManagerPlayerInjector.java:64)
	at ProtocolLib.jar//com.comphenix.protocol.injector.PacketFilterManager.receiveClientPacket(PacketFilterManager.java:241)
	at ProtocolLib.jar//com.comphenix.protocol.injector.PacketFilterManager.receiveClientPacket(PacketFilterManager.java:210)
	at com.nickuc.login.ζΠΨθμδμθγκΣηω.a(:57)
	at com.nickuc.login.ζΠΨθμδμθγκΣηω.a(:72)
	at com.nickuc.login.ςμκΔΣιζρΛξΨιθφΠ.c(:204)
	at com.nickuc.login.ςμκΔΣιζρΛξΨιθφΠ.run(:138)
	at org.bukkit.craftbukkit.v1_19_R1.scheduler.CraftTask.run(CraftTask.java:101)
	at org.bukkit.craftbukkit.v1_19_R1.scheduler.CraftAsyncTask.run(CraftAsyncTask.java:57)
	at com.destroystokyo.paper.ServerSchedulerReportingWrapper.run(ServerSchedulerReportingWrapper.java:22)
	at java.base/java.util.concurrent.ThreadPoolExecutor.runWorker(ThreadPoolExecutor.java:1136)
	at java.base/java.util.concurrent.ThreadPoolExecutor$Worker.run(ThreadPoolExecutor.java:635)
	at java.base/java.lang.Thread.run(Thread.java:833)
[12/10/2022 14:47:32]: §4[nLogin] [ERROR] §cUnexpected error during sending kick packet for com.comphenix.protocol.injector.temporary.TemporaryPlayerInvocationHandler@c2e9a30 via ProtocolLib
java.lang.UnsupportedOperationException: The method getUniqueId is not supported for temporary players.
	at ProtocolLib.jar//com.comphenix.protocol.injector.temporary.TemporaryPlayerFactory$1.delegate(TemporaryPlayerFactory.java:138)
	at ProtocolLib.jar//com.comphenix.protocol.injector.temporary.TemporaryPlayerInvocationHandler.getUniqueId(Unknown Source)
	at ProtocolLib.jar//com.comphenix.protocol.injector.BukkitUnwrapper.lambda$getProxyUnwrapper$0(BukkitUnwrapper.java:232)
	at ProtocolLib.jar//com.comphenix.protocol.injector.BukkitUnwrapper.unwrapItem(BukkitUnwrapper.java:125)
	at ProtocolLib.jar//com.comphenix.protocol.utility.MinecraftFields.getNetworkManager(MinecraftFields.java:31)
	at ProtocolLib.jar//com.comphenix.protocol.injector.netty.channel.InjectionFactory.fromPlayer(InjectionFactory.java:96)
	at ProtocolLib.jar//com.comphenix.protocol.injector.netty.manager.NetworkManagerPlayerInjector.sendServerPacket(NetworkManagerPlayerInjector.java:59)
	at ProtocolLib.jar//com.comphenix.protocol.injector.PacketFilterManager.sendServerPacket(PacketFilterManager.java:181)
	at ProtocolLib.jar//com.comphenix.protocol.injector.PacketFilterManager.sendServerPacket(PacketFilterManager.java:154)
	at ProtocolLib.jar//com.comphenix.protocol.injector.PacketFilterManager.sendServerPacket(PacketFilterManager.java:149)
	at com.nickuc.login.ζΠΨθμδμθγκΣηω.b(:83)
	at com.nickuc.login.ζΠΨθμδμθγκΣηω.a(:75)
	at com.nickuc.login.ςμκΔΣιζρΛξΨιθφΠ.c(:204)
	at com.nickuc.login.ςμκΔΣιζρΛξΨιθφΠ.run(:138)
	at org.bukkit.craftbukkit.v1_19_R1.scheduler.CraftTask.run(CraftTask.java:101)
	at org.bukkit.craftbukkit.v1_19_R1.scheduler.CraftAsyncTask.run(CraftAsyncTask.java:57)
	at com.destroystokyo.paper.ServerSchedulerReportingWrapper.run(ServerSchedulerReportingWrapper.java:22)
	at java.base/java.util.concurrent.ThreadPoolExecutor.runWorker(ThreadPoolExecutor.java:1136)
	at java.base/java.util.concurrent.ThreadPoolExecutor$Worker.run(ThreadPoolExecutor.java:635)
	at java.base/java.lang.Thread.run(Thread.java:833)
[12/10/2022 14:47:32]: §3[nLogin] [DEBUG] [ProtocolLib] com.comphenix.protocol.injector.temporary.TemporaryPlayerInvocationHandler@c2e9a30 has been disconnected: Internal Exception: The method getUniqueId is not supported for temporary players.
[12/10/2022 14:47:59]: §3[nLogin] [DEBUG] [SQLite] [UPDATE]: "UPDATE `nlogin` SET `realname` = 'qShip', `uniqueId` = 5210a989af313423b0fa5a492620269e,  `premiumId` = null,  `premium` = -1,  `password` = '$SHA512$aae4253cd8b8e2529453eb979d9b0f928b6fd2b459b5cd85eb60578f81e9cfdf693c938b8a18febe0316d12b60ed7acebc3c23996b048f37634187ff6f558a0e$ivrFCXsopAeAjUUMRBYcYblT', `address` = '77.40.61.39', `regdate` = 2022-11-12 16:00:11.834, `lastlogin` = 2022-12-10 14:47:58.866, `email` = null, `twitter` = null, `discord` = null, `settings` = '{"settings":[{"value":"mQz90Oim1d9J3rPUt/dxLco+kxiQgr/Qxn1sFftBtA3/JhAh3rZTxmqk2gKoLaMbinkxGp4f3RJkqcY4zPWCaiWZZpeV5Isu91HGSYsDXFnYR37OOgjRuZ865L9PREFFR4qhPvOqNXYT38dakCXmwNtaIhjWZC8r3uFS1QsxzlOJSAXlKFMnppO1DXNhA3hDRLh8rXktsBPXjHMpG1QZPOBTT1N7AdIVTZqJV317opnnKJKYlsxJqDAx4j02Ny+cANzcoj/PtSgdFARqc6diDfkOK+3Q6VGQSBNnpyKnI2X7Xl3OIhZ3uoiJMzXoXHFYgOE/ATzL8IrLoEj9XpYWgerDusYG/zhAmD5ftiJrOW6ofEddw78LLCNDWs5L9oJnGfLPujtnhszuC+LH1DJ8+ANW8yJKJ4FvBmQ1n1WbW5evN7UQE2cNy+FpZLUEcwf9DMnnTUSZMIb87kpotZ+Sk1qicEvc6byNox6louuu5AFiH2IuJhNcer6c+SVUFL/5rUaedIA4cAeZL4XDjjza8rETZApbkGqCQL9qlNZHT73EaPeJ3o3LbGyfEGe045HeIZX1Dq0LI1IQgTGaQx9sBos9rBfDYDdlK397+hbB/CeItiXQklT286wrKIUOH8Mc6eeW0IZvwCT85rFxKzg0fGdYG1DOtKr/xMk8ZhZcTOE=:ILOTdRFkyqsAsrPAUEdec5Ke45LwOvxgTQOPzIL43JmT/ecSe1W1V/V9w6hbkd4WqTM=","key":"encrypted"}],"version":0}' WHERE `id` = 1"
[12/10/2022 14:48:01]: [nLogin] The user qShip has successfully logged in.
[12/10/2022 15:05:55]: §3[nLogin] [DEBUG] [SQLite] [UPDATE]: "UPDATE `nlogin` SET `realname` = 'qShip', `uniqueId` = 5210a989af313423b0fa5a492620269e,  `premiumId` = null,  `premium` = -1,  `password` = '$SHA512$aae4253cd8b8e2529453eb979d9b0f928b6fd2b459b5cd85eb60578f81e9cfdf693c938b8a18febe0316d12b60ed7acebc3c23996b048f37634187ff6f558a0e$ivrFCXsopAeAjUUMRBYcYblT', `address` = '77.40.61.39', `regdate` = 2022-11-12 16:00:11.834, `lastlogin` = 2022-12-10 15:05:55.455, `email` = null, `twitter` = null, `discord` = null, `settings` = '{"settings":[{"value":"mQz90Oim1d9J3rPUt/dxLco+kxiQgr/Qxn1sFftBtA3/JhAh3rZTxmqk2gKoLaMbinkxGp4f3RJkqcY4zPWCaiWZZpeV5Isu91HGSYsDXFnYR37OOgjRuZ865L9PREFFR4qhPvOqNXYT38dakCXmwNtaIhjWZC8r3uFS1QsxzlOJSAXlKFMnppO1DXNhA3hDRLh8rXktsBPXjHMpG1QZPOBTT1N7AdIVTZqJV317opnnKJKYlsxJqDAx4j02Ny+cANzcoj/PtSgdFARqc6diDfkOK+3Q6VGQSBNnpyKnI2X7Xl3OIhZ3uoiJMzXoXHFYgOE/ATzL8IrLoEj9XpYWgerDusYG/zhAmD5ftiJrOW6ofEddw78LLCNDWs5L9oJnGfLPujtnhszuC+LH1DJ8+ANW8yJKJ4FvBmQ1n1WbW5evN7UQE2cNy+FpZLUEcwf9DMnnTUSZMIb87kpotZ+Sk1qicEvc6byNox6louuu5AFiH2IuJhNcer6c+SVUFL/5rUaedIA4cAeZL4XDjjza8rETZApbkGqCQL9qlNZHT73EaPeJ3o3LbGyfEGe045HeIZX1Dq0LI1IQgTGaQx9sBos9rBfDYDdlK397+hbB/CeItiXQklT286wrKIUOH8Mc6eeW0IZvwCT85rFxKzg0fGdYG1DOtKr/xMk8ZhZcTOE=:ILOTdRFkyqsAsrPAUEdec5Ke45LwOvxgTQOPzIL43JmT/ecSe1W1V/V9w6hbkd4WqTM=","key":"encrypted"}],"version":0}' WHERE `id` = 1"
[12/10/2022 15:05:55]: [nLogin] The user qShip has successfully logged in.
[12/10/2022 15:06:27]: [nLogin] Could not install: update was not confirmed by the user.
[12/10/2022 15:06:27]: [nLogin] Successful plugin core shutdown (took 0.01s)
[12/10/2022 15:06:27]: [nLogin] 
[12/10/2022 15:06:27]: [nLogin] Shutting down nLogin V 10.1.8...
[12/10/2022 15:06:27]: [nLogin] 
[12/10/2022 15:06:27]: [nLogin] nLogin was unloaded in 7ms.
