[12/12/2022 16:30:55]:           __             _       
[12/12/2022 16:30:55]:   _ __   / /  ___   __ _(_)_ __  
[12/12/2022 16:30:55]:  | '_ \ / /  / _ \ / _` | | '_ \ 
[12/12/2022 16:30:55]:  | | | / /__| (_) | (_| | | | | |
[12/12/2022 16:30:55]:  |_| |_\____/\___/ \__, |_|_| |_|
[12/12/2022 16:30:55]:                   |___/            
[12/12/2022 16:30:55]:  By: www.nickuc.com - V 10.1.8 DEVELOPMENT
[12/12/2022 16:30:55]: 
[12/12/2022 16:30:56]: §3[nLogin] [DEBUG] Detecting hardware and software configurations...
[12/12/2022 16:30:56]: §3[nLogin] [DEBUG] All settings were loaded in 413 ms.
[12/12/2022 16:30:56]: §3[nLogin] [DEBUG] Loading the messages_ru.yml message file...
[12/12/2022 16:30:56]: §3[nLogin] [DEBUG] All plugin messages were loaded in 183 ms (languageByClient=false).
[12/12/2022 16:30:56]: §3[nLogin] [DEBUG] All proxy settings were loaded in 2 ms.
[12/12/2022 16:30:57]: §3[nLogin] [DEBUG] Starting logger filter...
[12/12/2022 16:30:57]: §3[nLogin] [DEBUG] Loading database...
[12/12/2022 16:30:59]: [nLogin] nLogin was loaded in 3983ms.
[12/12/2022 16:35:01]: §3[nLogin] [DEBUG] [SQLite] [UPDATE]: "UPDATE `nlogin` SET `realname` = 'efteltje', `uniqueId` = ac253befd6d7379092a29809db2c19b6,  `premiumId` = null,  `premium` = -1,  `password` = '$SHA512$5342a68147a675a517a287db2effa3b4a4a39708bf882ff35fcc0f74d3deef1121ec7b49706f9659e5fa8eb223392deee28428c99e43a9f5117f071dad7d4f31$uXYFLZfUpPCFxBbfVxcXiZeP', `address` = '77.40.61.39', `regdate` = 2022-12-12 16:11:15.841, `lastlogin` = 2022-12-12 16:35:01.356, `email` = null, `twitter` = null, `discord` = null, `settings` = '{"settings":[{"value":"JsPyh8RLiBha4Foti3bYO1cLWeTnFyblg3bTri4hPsfSligsWAQZxOTa+i/mQ7yNz/t9T+pENXQMfHcA1gvHasnk6/MnoMFJ+nrCbERb/sd1H5r+DatM5CvkgqYWHOJqiX56jMZhjKfcnYgfzht7/ImwVyzbRaT/yZ21gqxTe7zielIB/7WwFvUaWUKVb/t9kBSZ63jMlJsIIJlv1ZY/M9jO+PL3l9ZG6hbDTFBPh1NU8Pdkv4Wc7HklGf1RuSojp+rXmd7gtRjNjY9964x7GoLJtNxMHeelZ2IS9BWstvzTEle+/uHMD7ECNEhXMj/+a1JlFHCM3HEtLa4ylBDG98jQ4nh7pDasVhATABdHeC6TjJsIqbpo+mNWiLhnjng38euFJkrghOyh0JRRNPU8ovDl7zBXDEznQGVHhNAiCnHKOF/2nUp2kdtSAnb9M2Wni7pK/SUjowKKq1R/LAzjHLkLkOlYDRQuJ15G7qgv3iWpaJDFazgkiXn/zQ+7dVI4PQhLg/xdQDsSLhSE935H7S3mHBMzzDmznOvFNNOJxkkOMIuTcXJ0qyQUnE7nX5TCEut2yAGdiYxrNltLVGMCcl60OseewAnYK9pvxVpAbW1R+0LIN1mbQ7S++twiVcIKSWDTbHHgnw8tnzAbmhKjz6F7OAPZrzLyfPsLoM4dFp4=:zlMv/XweZpqNRygp60txDFnRXfc8nPWMTKlVHbwOXbdd96IttMbBflslZBoamjLgfUM=","key":"encrypted"}],"version":0}' WHERE `id` = 98"
[12/12/2022 16:35:01]: [nLogin] The user efteltje has successfully logged in.
[12/12/2022 16:36:23]: §3[nLogin] [DEBUG] [SQLite] [UPDATE]: "UPDATE `nlogin` SET `realname` = 'qShip', `uniqueId` = 5210a989af313423b0fa5a492620269e,  `premiumId` = null,  `premium` = -1,  `password` = '$SHA512$aae4253cd8b8e2529453eb979d9b0f928b6fd2b459b5cd85eb60578f81e9cfdf693c938b8a18febe0316d12b60ed7acebc3c23996b048f37634187ff6f558a0e$ivrFCXsopAeAjUUMRBYcYblT', `address` = '77.40.61.39', `regdate` = 2022-11-12 16:00:11.834, `lastlogin` = 2022-12-12 16:36:23.794, `email` = null, `twitter` = null, `discord` = null, `settings` = '{"settings":[{"value":"mQz90Oim1d9J3rPUt/dxLco+kxiQgr/Qxn1sFftBtA3/JhAh3rZTxmqk2gKoLaMbinkxGp4f3RJkqcY4zPWCaiWZZpeV5Isu91HGSYsDXFnYR37OOgjRuZ865L9PREFFR4qhPvOqNXYT38dakCXmwNtaIhjWZC8r3uFS1QsxzlOJSAXlKFMnppO1DXNhA3hDRLh8rXktsBPXjHMpG1QZPOBTT1N7AdIVTZqJV317opnnKJKYlsxJqDAx4j02Ny+cANzcoj/PtSgdFARqc6diDfkOK+3Q6VGQSBNnpyKnI2X7Xl3OIhZ3uoiJMzXoXHFYgOE/ATzL8IrLoEj9XpYWgerDusYG/zhAmD5ftiJrOW6ofEddw78LLCNDWs5L9oJnGfLPujtnhszuC+LH1DJ8+ANW8yJKJ4FvBmQ1n1WbW5evN7UQE2cNy+FpZLUEcwf9DMnnTUSZMIb87kpotZ+Sk1qicEvc6byNox6louuu5AFiH2IuJhNcer6c+SVUFL/5rUaedIA4cAeZL4XDjjza8rETZApbkGqCQL9qlNZHT73EaPeJ3o3LbGyfEGe045HeIZX1Dq0LI1IQgTGaQx9sBos9rBfDYDdlK397+hbB/CeItiXQklT286wrKIUOH8Mc6eeW0IZvwCT85rFxKzg0fGdYG1DOtKr/xMk8ZhZcTOE=:ILOTdRFkyqsAsrPAUEdec5Ke45LwOvxgTQOPzIL43JmT/ecSe1W1V/V9w6hbkd4WqTM=","key":"encrypted"}],"version":0}' WHERE `id` = 1"
[12/12/2022 16:36:23]: [nLogin] The user qShip has successfully logged in.
[12/12/2022 16:37:08]: [nLogin] Could not install: update was not confirmed by the user.
[12/12/2022 16:37:08]: [nLogin] Successful plugin core shutdown (took 0.00s)
[12/12/2022 16:37:08]: [nLogin] 
[12/12/2022 16:37:08]: [nLogin] Shutting down nLogin V 10.1.8...
[12/12/2022 16:37:08]: [nLogin] 
[12/12/2022 16:37:08]: [nLogin] nLogin was unloaded in 1ms.
