[12/09/2022 19:03:32]:           __             _       
[12/09/2022 19:03:32]:   _ __   / /  ___   __ _(_)_ __  
[12/09/2022 19:03:32]:  | '_ \ / /  / _ \ / _` | | '_ \ 
[12/09/2022 19:03:32]:  | | | / /__| (_) | (_| | | | | |
[12/09/2022 19:03:32]:  |_| |_\____/\___/ \__, |_|_| |_|
[12/09/2022 19:03:32]:                   |___/            
[12/09/2022 19:03:32]:  By: www.nickuc.com - V 10.1.8 DEVELOPMENT
[12/09/2022 19:03:32]: 
[12/09/2022 19:03:32]: §3[nLogin] [DEBUG] Detecting hardware and software configurations...
[12/09/2022 19:03:33]: §3[nLogin] [DEBUG] All settings were loaded in 412 ms.
[12/09/2022 19:03:33]: §3[nLogin] [DEBUG] Loading the messages_ru.yml message file...
[12/09/2022 19:03:33]: §3[nLogin] [DEBUG] All plugin messages were loaded in 186 ms (languageByClient=false).
[12/09/2022 19:03:33]: §3[nLogin] [DEBUG] All proxy settings were loaded in 1 ms.
[12/09/2022 19:03:33]: §3[nLogin] [DEBUG] Starting logger filter...
[12/09/2022 19:03:33]: §3[nLogin] [DEBUG] Loading database...
[12/09/2022 19:03:35]: [nLogin] nLogin was loaded in 3223ms.
[12/09/2022 19:04:20]: [nLogin] Download finished (took 2200ms, hash = 32f47950af0a79b86305a31a3498d9eb84b53d86619e698165e5e5784f8d381d)
[12/09/2022 19:24:15]: §3[nLogin] [DEBUG] [SQLite] [UPDATE]: "UPDATE `nlogin` SET `realname` = 'qShip', `uniqueId` = 5210a989af313423b0fa5a492620269e,  `premiumId` = null,  `premium` = -1,  `password` = '$SHA512$aae4253cd8b8e2529453eb979d9b0f928b6fd2b459b5cd85eb60578f81e9cfdf693c938b8a18febe0316d12b60ed7acebc3c23996b048f37634187ff6f558a0e$ivrFCXsopAeAjUUMRBYcYblT', `address` = '77.40.61.39', `regdate` = 2022-11-12 16:00:11.834, `lastlogin` = 2022-12-09 19:24:15.083, `email` = null, `twitter` = null, `discord` = null, `settings` = '{"settings":[{"value":"mQz90Oim1d9J3rPUt/dxLco+kxiQgr/Qxn1sFftBtA3/JhAh3rZTxmqk2gKoLaMbinkxGp4f3RJkqcY4zPWCaiWZZpeV5Isu91HGSYsDXFnYR37OOgjRuZ865L9PREFFR4qhPvOqNXYT38dakCXmwNtaIhjWZC8r3uFS1QsxzlOJSAXlKFMnppO1DXNhA3hDRLh8rXktsBPXjHMpG1QZPOBTT1N7AdIVTZqJV317opnnKJKYlsxJqDAx4j02Ny+cANzcoj/PtSgdFARqc6diDfkOK+3Q6VGQSBNnpyKnI2X7Xl3OIhZ3uoiJMzXoXHFYgOE/ATzL8IrLoEj9XpYWgerDusYG/zhAmD5ftiJrOW6ofEddw78LLCNDWs5L9oJnGfLPujtnhszuC+LH1DJ8+ANW8yJKJ4FvBmQ1n1WbW5evN7UQE2cNy+FpZLUEcwf9DMnnTUSZMIb87kpotZ+Sk1qicEvc6byNox6louuu5AFiH2IuJhNcer6c+SVUFL/5rUaedIA4cAeZL4XDjjza8rETZApbkGqCQL9qlNZHT73EaPeJ3o3LbGyfEGe045HeIZX1Dq0LI1IQgTGaQx9sBos9rBfDYDdlK397+hbB/CeItiXQklT286wrKIUOH8Mc6eeW0IZvwCT85rFxKzg0fGdYG1DOtKr/xMk8ZhZcTOE=:ILOTdRFkyqsAsrPAUEdec5Ke45LwOvxgTQOPzIL43JmT/ecSe1W1V/V9w6hbkd4WqTM=","key":"encrypted"}],"version":0}' WHERE `id` = 1"
[12/09/2022 19:24:15]: [nLogin] The user qShip has successfully logged in.
[12/09/2022 20:55:16]: [nLogin] Could not install: update was not confirmed by the user.
[12/09/2022 20:55:16]: [nLogin] Successful plugin core shutdown (took 0.15s)
[12/09/2022 20:55:16]: [nLogin] 
[12/09/2022 20:55:16]: [nLogin] Shutting down nLogin V 10.1.8...
[12/09/2022 20:55:16]: [nLogin] 
[12/09/2022 20:55:16]: [nLogin] nLogin was unloaded in 53ms.
