[12/12/2022 16:25:31]:           __             _       
[12/12/2022 16:25:32]:   _ __   / /  ___   __ _(_)_ __  
[12/12/2022 16:25:32]:  | '_ \ / /  / _ \ / _` | | '_ \ 
[12/12/2022 16:25:32]:  | | | / /__| (_) | (_| | | | | |
[12/12/2022 16:25:32]:  |_| |_\____/\___/ \__, |_|_| |_|
[12/12/2022 16:25:32]:                   |___/            
[12/12/2022 16:25:32]:  By: www.nickuc.com - V 10.1.8 DEVELOPMENT
[12/12/2022 16:25:32]: 
[12/12/2022 16:25:32]: §3[nLogin] [DEBUG] Detecting hardware and software configurations...
[12/12/2022 16:25:32]: §3[nLogin] [DEBUG] All settings were loaded in 311 ms.
[12/12/2022 16:25:32]: §3[nLogin] [DEBUG] Loading the messages_ru.yml message file...
[12/12/2022 16:25:32]: §3[nLogin] [DEBUG] All plugin messages were loaded in 97 ms (languageByClient=false).
[12/12/2022 16:25:32]: §3[nLogin] [DEBUG] All proxy settings were loaded in 1 ms.
[12/12/2022 16:25:32]: §3[nLogin] [DEBUG] Starting logger filter...
[12/12/2022 16:25:33]: §3[nLogin] [DEBUG] Loading database...
[12/12/2022 16:25:34]: [nLogin] nLogin was loaded in 2790ms.
[12/12/2022 16:29:43]: [nLogin] Could not install: update was not confirmed by the user.
[12/12/2022 16:29:43]: [nLogin] Successful plugin core shutdown (took 0.01s)
[12/12/2022 16:29:43]: [nLogin] 
[12/12/2022 16:29:43]: [nLogin] Shutting down nLogin V 10.1.8...
[12/12/2022 16:29:43]: [nLogin] 
[12/12/2022 16:29:43]: [nLogin] nLogin was unloaded in 2ms.
