[12/10/2022 10:56:43]:           __             _       
[12/10/2022 10:56:43]:   _ __   / /  ___   __ _(_)_ __  
[12/10/2022 10:56:43]:  | '_ \ / /  / _ \ / _` | | '_ \ 
[12/10/2022 10:56:43]:  | | | / /__| (_) | (_| | | | | |
[12/10/2022 10:56:43]:  |_| |_\____/\___/ \__, |_|_| |_|
[12/10/2022 10:56:43]:                   |___/            
[12/10/2022 10:56:43]:  By: www.nickuc.com - V 10.1.8 DEVELOPMENT
[12/10/2022 10:56:43]: 
[12/10/2022 10:56:45]: §3[nLogin] [DEBUG] Detecting hardware and software configurations...
[12/10/2022 10:56:46]: §3[nLogin] [DEBUG] All settings were loaded in 651 ms.
[12/10/2022 10:56:47]: §3[nLogin] [DEBUG] Loading the messages_ru.yml message file...
[12/10/2022 10:56:47]: §3[nLogin] [DEBUG] All plugin messages were loaded in 452 ms (languageByClient=false).
[12/10/2022 10:56:47]: §3[nLogin] [DEBUG] All proxy settings were loaded in 38 ms.
[12/10/2022 10:56:47]: §3[nLogin] [DEBUG] Starting logger filter...
[12/10/2022 10:56:48]: §3[nLogin] [DEBUG] Loading database...
[12/10/2022 10:56:53]: [nLogin] nLogin was loaded in 10534ms.
[12/10/2022 11:00:25]: [nLogin] Could not install: update was not confirmed by the user.
[12/10/2022 11:00:25]: [nLogin] Successful plugin core shutdown (took 0.03s)
[12/10/2022 11:00:25]: [nLogin] 
[12/10/2022 11:00:25]: [nLogin] Shutting down nLogin V 10.1.8...
[12/10/2022 11:00:25]: [nLogin] 
[12/10/2022 11:00:25]: [nLogin] nLogin was unloaded in 147ms.
