[12/12/2022 14:15:29]:           __             _       
[12/12/2022 14:15:29]:   _ __   / /  ___   __ _(_)_ __  
[12/12/2022 14:15:29]:  | '_ \ / /  / _ \ / _` | | '_ \ 
[12/12/2022 14:15:29]:  | | | / /__| (_) | (_| | | | | |
[12/12/2022 14:15:29]:  |_| |_\____/\___/ \__, |_|_| |_|
[12/12/2022 14:15:29]:                   |___/            
[12/12/2022 14:15:29]:  By: www.nickuc.com - V 10.1.8 DEVELOPMENT
[12/12/2022 14:15:29]: 
[12/12/2022 14:15:29]: §3[nLogin] [DEBUG] Detecting hardware and software configurations...
[12/12/2022 14:15:30]: §3[nLogin] [DEBUG] All settings were loaded in 383 ms.
[12/12/2022 14:15:30]: §3[nLogin] [DEBUG] Loading the messages_ru.yml message file...
[12/12/2022 14:15:30]: §3[nLogin] [DEBUG] All plugin messages were loaded in 96 ms (languageByClient=false).
[12/12/2022 14:15:30]: §3[nLogin] [DEBUG] All proxy settings were loaded in 1 ms.
[12/12/2022 14:15:30]: §3[nLogin] [DEBUG] Starting logger filter...
[12/12/2022 14:15:30]: §3[nLogin] [DEBUG] Loading database...
[12/12/2022 14:15:32]: [nLogin] nLogin was loaded in 2711ms.
[12/12/2022 14:16:36]: [nLogin] Could not install: update was not confirmed by the user.
[12/12/2022 14:16:36]: [nLogin] Successful plugin core shutdown (took 0.00s)
[12/12/2022 14:16:36]: [nLogin] 
[12/12/2022 14:16:36]: [nLogin] Shutting down nLogin V 10.1.8...
[12/12/2022 14:16:36]: [nLogin] 
[12/12/2022 14:16:36]: [nLogin] nLogin was unloaded in 1ms.
